<?xml version="1.0" encoding="utf-8" standalone="no"?>
<!DOCTYPE report PUBLIC "-//JACOCO//DTD Report 1.1//EN" "report.dtd"[]>
<report name="Pester ()">
  <sessioninfo id="this" start="1788303003221" dump="1788303006174" />
  <package name="output/PSAzureDevOpsGraph">
    <class name="output/PSAzureDevOpsGraph/PSAzureDevOpsGraph" sourcefilename="PSAzureDevOpsGraph.psm1">
      <method name="&lt;script&gt;" desc="()" line="2">
        <counter type="INSTRUCTION" missed="0" covered="2" />
        <counter type="LINE" missed="0" covered="2" />
        <counter type="METHOD" missed="0" covered="1" />
      </method>
      <method name="ConvertTo-AzDoGraphDot" desc="()" line="20">
        <counter type="INSTRUCTION" missed="0" covered="36" />
        <counter type="LINE" missed="0" covered="20" />
        <counter type="METHOD" missed="0" covered="1" />
      </method>
      <method name="Get-Escaped" desc="()" line="76">
        <counter type="INSTRUCTION" missed="1" covered="2" />
        <counter type="LINE" missed="0" covered="2" />
        <counter type="METHOD" missed="0" covered="1" />
      </method>
      <method name="ConvertTo-AzDoGraphHtml" desc="()" line="80">
        <counter type="INSTRUCTION" missed="1" covered="125" />
        <counter type="LINE" missed="0" covered="57" />
        <counter type="METHOD" missed="0" covered="1" />
      </method>
      <method name="Join-AzDoRepoPath" desc="()" line="217">
        <counter type="INSTRUCTION" missed="2" covered="23" />
        <counter type="LINE" missed="1" covered="14" />
        <counter type="METHOD" missed="0" covered="1" />
      </method>
      <method name="Get-AzDoAuthHeader" desc="()" line="257">
        <counter type="INSTRUCTION" missed="0" covered="7" />
        <counter type="LINE" missed="0" covered="4" />
        <counter type="METHOD" missed="0" covered="1" />
      </method>
      <method name="Invoke-AzDoRestMethod" desc="()" line="289">
        <counter type="INSTRUCTION" missed="5" covered="36" />
        <counter type="LINE" missed="2" covered="19" />
        <counter type="METHOD" missed="0" covered="1" />
      </method>
      <method name="Find-AzDoYamlReference" desc="()" line="351">
        <counter type="INSTRUCTION" missed="8" covered="59" />
        <counter type="LINE" missed="0" covered="48" />
        <counter type="METHOD" missed="0" covered="1" />
      </method>
      <method name="Split-AzDoReference" desc="()" line="456">
        <counter type="INSTRUCTION" missed="0" covered="13" />
        <counter type="LINE" missed="0" covered="13" />
        <counter type="METHOD" missed="0" covered="1" />
      </method>
      <method name="Export-AzDoPipelineDependencyGraph" desc="()" line="513">
        <counter type="INSTRUCTION" missed="1" covered="19" />
        <counter type="LINE" missed="1" covered="16" />
        <counter type="METHOD" missed="0" covered="1" />
      </method>
      <method name="Get-AzDoPipeline" desc="()" line="573">
        <counter type="INSTRUCTION" missed="3" covered="30" />
        <counter type="LINE" missed="0" covered="21" />
        <counter type="METHOD" missed="0" covered="1" />
      </method>
      <method name="Get-AzDoPipelineDependencyGraph" desc="()" line="655">
        <counter type="INSTRUCTION" missed="5" covered="124" />
        <counter type="LINE" missed="2" covered="75" />
        <counter type="METHOD" missed="0" covered="1" />
      </method>
      <method name="Add-Node" desc="()" line="680">
        <counter type="INSTRUCTION" missed="0" covered="2" />
        <counter type="LINE" missed="0" covered="1" />
        <counter type="METHOD" missed="0" covered="1" />
      </method>
      <method name="Get-AzDoPipelineReference" desc="()" line="833">
        <counter type="INSTRUCTION" missed="0" covered="9" />
        <counter type="LINE" missed="0" covered="8" />
        <counter type="METHOD" missed="0" covered="1" />
      </method>
      <method name="Get-AzDoPipelineYaml" desc="()" line="895">
        <counter type="INSTRUCTION" missed="5" covered="24" />
        <counter type="LINE" missed="2" covered="19" />
        <counter type="METHOD" missed="0" covered="1" />
      </method>
      <method name="Get-AzDoRepository" desc="()" line="961">
        <counter type="INSTRUCTION" missed="0" covered="13" />
        <counter type="LINE" missed="0" covered="11" />
        <counter type="METHOD" missed="0" covered="1" />
      </method>
      <method name="Resolve-AzDoPipelineReference" desc="()" line="1030">
        <counter type="INSTRUCTION" missed="4" covered="51" />
        <counter type="LINE" missed="2" covered="47" />
        <counter type="METHOD" missed="0" covered="1" />
      </method>
      <counter type="INSTRUCTION" missed="35" covered="575" />
      <counter type="LINE" missed="10" covered="377" />
      <counter type="METHOD" missed="0" covered="17" />
      <counter type="CLASS" missed="0" covered="1" />
    </class>
    <sourcefile name="PSAzureDevOpsGraph.psm1">
      <line nr="2" mi="0" ci="1" mb="0" cb="0" />
      <line nr="20" mi="0" ci="4" mb="0" cb="0" />
      <line nr="22" mi="0" ci="1" mb="0" cb="0" />
      <line nr="23" mi="0" ci="1" mb="0" cb="0" />
      <line nr="24" mi="0" ci="1" mb="0" cb="0" />
      <line nr="25" mi="0" ci="1" mb="0" cb="0" />
      <line nr="26" mi="0" ci="1" mb="0" cb="0" />
      <line nr="28" mi="0" ci="1" mb="0" cb="0" />
      <line nr="29" mi="0" ci="1" mb="0" cb="0" />
      <line nr="30" mi="0" ci="1" mb="0" cb="0" />
      <line nr="31" mi="0" ci="4" mb="0" cb="0" />
      <line nr="34" mi="0" ci="1" mb="0" cb="0" />
      <line nr="35" mi="0" ci="1" mb="0" cb="0" />
      <line nr="36" mi="0" ci="3" mb="0" cb="0" />
      <line nr="37" mi="0" ci="1" mb="0" cb="0" />
      <line nr="41" mi="0" ci="1" mb="0" cb="0" />
      <line nr="42" mi="0" ci="5" mb="0" cb="0" />
      <line nr="43" mi="0" ci="3" mb="0" cb="0" />
      <line nr="44" mi="0" ci="3" mb="0" cb="0" />
      <line nr="47" mi="0" ci="1" mb="0" cb="0" />
      <line nr="48" mi="0" ci="1" mb="0" cb="0" />
      <line nr="76" mi="1" ci="1" mb="0" cb="0" />
      <line nr="77" mi="0" ci="1" mb="0" cb="0" />
      <line nr="80" mi="0" ci="1" mb="0" cb="0" />
      <line nr="81" mi="0" ci="2" mb="0" cb="0" />
      <line nr="84" mi="0" ci="1" mb="0" cb="0" />
      <line nr="85" mi="0" ci="1" mb="0" cb="0" />
      <line nr="86" mi="0" ci="2" mb="0" cb="0" />
      <line nr="89" mi="0" ci="1" mb="0" cb="0" />
      <line nr="90" mi="0" ci="4" mb="0" cb="0" />
      <line nr="91" mi="0" ci="4" mb="0" cb="0" />
      <line nr="92" mi="0" ci="4" mb="0" cb="0" />
      <line nr="95" mi="0" ci="5" mb="0" cb="0" />
      <line nr="96" mi="0" ci="1" mb="0" cb="0" />
      <line nr="97" mi="0" ci="1" mb="0" cb="0" />
      <line nr="99" mi="0" ci="1" mb="0" cb="0" />
      <line nr="100" mi="0" ci="1" mb="0" cb="0" />
      <line nr="101" mi="0" ci="1" mb="0" cb="0" />
      <line nr="102" mi="0" ci="4" mb="0" cb="0" />
      <line nr="103" mi="0" ci="1" mb="0" cb="0" />
      <line nr="106" mi="0" ci="1" mb="0" cb="0" />
      <line nr="107" mi="0" ci="1" mb="0" cb="0" />
      <line nr="108" mi="0" ci="4" mb="0" cb="0" />
      <line nr="109" mi="0" ci="1" mb="0" cb="0" />
      <line nr="112" mi="0" ci="3" mb="0" cb="0" />
      <line nr="115" mi="0" ci="1" mb="0" cb="0" />
      <line nr="117" mi="0" ci="1" mb="0" cb="0" />
      <line nr="118" mi="0" ci="1" mb="0" cb="0" />
      <line nr="119" mi="0" ci="1" mb="0" cb="0" />
      <line nr="121" mi="0" ci="1" mb="0" cb="0" />
      <line nr="122" mi="0" ci="1" mb="0" cb="0" />
      <line nr="123" mi="0" ci="1" mb="0" cb="0" />
      <line nr="124" mi="1" ci="1" mb="0" cb="0" />
      <line nr="125" mi="0" ci="1" mb="0" cb="0" />
      <line nr="126" mi="0" ci="3" mb="0" cb="0" />
      <line nr="127" mi="0" ci="3" mb="0" cb="0" />
      <line nr="128" mi="0" ci="3" mb="0" cb="0" />
      <line nr="129" mi="0" ci="11" mb="0" cb="0" />
      <line nr="132" mi="0" ci="1" mb="0" cb="0" />
      <line nr="133" mi="0" ci="1" mb="0" cb="0" />
      <line nr="134" mi="0" ci="1" mb="0" cb="0" />
      <line nr="135" mi="0" ci="3" mb="0" cb="0" />
      <line nr="136" mi="0" ci="5" mb="0" cb="0" />
      <line nr="139" mi="0" ci="1" mb="0" cb="0" />
      <line nr="140" mi="0" ci="1" mb="0" cb="0" />
      <line nr="141" mi="0" ci="3" mb="0" cb="0" />
      <line nr="142" mi="0" ci="4" mb="0" cb="0" />
      <line nr="144" mi="0" ci="1" mb="0" cb="0" />
      <line nr="146" mi="0" ci="1" mb="0" cb="0" />
      <line nr="147" mi="0" ci="1" mb="0" cb="0" />
      <line nr="148" mi="0" ci="3" mb="0" cb="0" />
      <line nr="149" mi="0" ci="3" mb="0" cb="0" />
      <line nr="150" mi="0" ci="3" mb="0" cb="0" />
      <line nr="151" mi="0" ci="6" mb="0" cb="0" />
      <line nr="154" mi="0" ci="4" mb="0" cb="0" />
      <line nr="156" mi="0" ci="1" mb="0" cb="0" />
      <line nr="162" mi="0" ci="2" mb="0" cb="0" />
      <line nr="178" mi="0" ci="4" mb="0" cb="0" />
      <line nr="181" mi="0" ci="1" mb="0" cb="0" />
      <line nr="186" mi="0" ci="1" mb="0" cb="0" />
      <line nr="217" mi="0" ci="1" mb="0" cb="0" />
      <line nr="219" mi="0" ci="1" mb="0" cb="0" />
      <line nr="220" mi="1" ci="0" mb="0" cb="0" />
      <line nr="222" mi="0" ci="2" mb="0" cb="0" />
      <line nr="223" mi="0" ci="3" mb="0" cb="0" />
      <line nr="224" mi="0" ci="4" mb="0" cb="0" />
      <line nr="225" mi="0" ci="3" mb="0" cb="0" />
      <line nr="228" mi="0" ci="1" mb="0" cb="0" />
      <line nr="229" mi="0" ci="1" mb="0" cb="0" />
      <line nr="230" mi="1" ci="1" mb="0" cb="0" />
      <line nr="231" mi="0" ci="1" mb="0" cb="0" />
      <line nr="232" mi="0" ci="2" mb="0" cb="0" />
      <line nr="233" mi="0" ci="1" mb="0" cb="0" />
      <line nr="235" mi="0" ci="1" mb="0" cb="0" />
      <line nr="238" mi="0" ci="1" mb="0" cb="0" />
      <line nr="257" mi="0" ci="1" mb="0" cb="0" />
      <line nr="258" mi="0" ci="2" mb="0" cb="0" />
      <line nr="261" mi="0" ci="2" mb="0" cb="0" />
      <line nr="262" mi="0" ci="2" mb="0" cb="0" />
      <line nr="289" mi="0" ci="1" mb="0" cb="0" />
      <line nr="290" mi="0" ci="1" mb="0" cb="0" />
      <line nr="292" mi="0" ci="6" mb="0" cb="0" />
      <line nr="293" mi="0" ci="3" mb="0" cb="0" />
      <line nr="294" mi="1" ci="3" mb="0" cb="0" />
      <line nr="297" mi="0" ci="2" mb="0" cb="0" />
      <line nr="299" mi="0" ci="1" mb="0" cb="0" />
      <line nr="300" mi="0" ci="1" mb="0" cb="0" />
      <line nr="301" mi="0" ci="1" mb="0" cb="0" />
      <line nr="303" mi="0" ci="2" mb="0" cb="0" />
      <line nr="304" mi="0" ci="1" mb="0" cb="0" />
      <line nr="305" mi="2" ci="0" mb="0" cb="0" />
      <line nr="307" mi="0" ci="1" mb="0" cb="0" />
      <line nr="312" mi="0" ci="3" mb="0" cb="0" />
      <line nr="313" mi="0" ci="1" mb="0" cb="0" />
      <line nr="314" mi="2" ci="0" mb="0" cb="0" />
      <line nr="317" mi="0" ci="2" mb="0" cb="0" />
      <line nr="318" mi="0" ci="3" mb="0" cb="0" />
      <line nr="319" mi="0" ci="1" mb="0" cb="0" />
      <line nr="321" mi="0" ci="2" mb="0" cb="0" />
      <line nr="324" mi="0" ci="1" mb="0" cb="0" />
      <line nr="351" mi="0" ci="1" mb="0" cb="0" />
      <line nr="353" mi="0" ci="1" mb="0" cb="0" />
      <line nr="358" mi="0" ci="1" mb="0" cb="0" />
      <line nr="360" mi="0" ci="2" mb="0" cb="0" />
      <line nr="363" mi="0" ci="1" mb="0" cb="0" />
      <line nr="364" mi="0" ci="2" mb="0" cb="0" />
      <line nr="370" mi="0" ci="1" mb="0" cb="0" />
      <line nr="371" mi="0" ci="1" mb="0" cb="0" />
      <line nr="372" mi="0" ci="1" mb="0" cb="0" />
      <line nr="373" mi="0" ci="1" mb="0" cb="0" />
      <line nr="374" mi="0" ci="1" mb="0" cb="0" />
      <line nr="375" mi="0" ci="1" mb="0" cb="0" />
      <line nr="376" mi="0" ci="1" mb="0" cb="0" />
      <line nr="377" mi="0" ci="1" mb="0" cb="0" />
      <line nr="378" mi="0" ci="1" mb="0" cb="0" />
      <line nr="379" mi="0" ci="1" mb="0" cb="0" />
      <line nr="384" mi="0" ci="1" mb="0" cb="0" />
      <line nr="385" mi="0" ci="1" mb="0" cb="0" />
      <line nr="387" mi="0" ci="1" mb="0" cb="0" />
      <line nr="388" mi="0" ci="2" mb="0" cb="0" />
      <line nr="389" mi="1" ci="1" mb="0" cb="0" />
      <line nr="390" mi="1" ci="2" mb="0" cb="0" />
      <line nr="391" mi="1" ci="1" mb="0" cb="0" />
      <line nr="392" mi="0" ci="1" mb="0" cb="0" />
      <line nr="393" mi="0" ci="1" mb="0" cb="0" />
      <line nr="394" mi="0" ci="1" mb="0" cb="0" />
      <line nr="395" mi="0" ci="1" mb="0" cb="0" />
      <line nr="396" mi="0" ci="1" mb="0" cb="0" />
      <line nr="397" mi="1" ci="2" mb="0" cb="0" />
      <line nr="400" mi="0" ci="2" mb="0" cb="0" />
      <line nr="405" mi="0" ci="1" mb="0" cb="0" />
      <line nr="406" mi="0" ci="2" mb="0" cb="0" />
      <line nr="407" mi="1" ci="1" mb="0" cb="0" />
      <line nr="408" mi="1" ci="2" mb="0" cb="0" />
      <line nr="409" mi="1" ci="1" mb="0" cb="0" />
      <line nr="411" mi="0" ci="1" mb="0" cb="0" />
      <line nr="412" mi="0" ci="1" mb="0" cb="0" />
      <line nr="413" mi="0" ci="1" mb="0" cb="0" />
      <line nr="414" mi="0" ci="1" mb="0" cb="0" />
      <line nr="415" mi="0" ci="1" mb="0" cb="0" />
      <line nr="416" mi="1" ci="2" mb="0" cb="0" />
      <line nr="417" mi="0" ci="1" mb="0" cb="0" />
      <line nr="423" mi="0" ci="2" mb="0" cb="0" />
      <line nr="424" mi="0" ci="2" mb="0" cb="0" />
      <line nr="425" mi="0" ci="1" mb="0" cb="0" />
      <line nr="430" mi="0" ci="1" mb="0" cb="0" />
      <line nr="431" mi="0" ci="1" mb="0" cb="0" />
      <line nr="432" mi="0" ci="1" mb="0" cb="0" />
      <line nr="456" mi="0" ci="1" mb="0" cb="0" />
      <line nr="457" mi="0" ci="1" mb="0" cb="0" />
      <line nr="458" mi="0" ci="1" mb="0" cb="0" />
      <line nr="459" mi="0" ci="1" mb="0" cb="0" />
      <line nr="460" mi="0" ci="1" mb="0" cb="0" />
      <line nr="461" mi="0" ci="1" mb="0" cb="0" />
      <line nr="464" mi="0" ci="1" mb="0" cb="0" />
      <line nr="465" mi="0" ci="1" mb="0" cb="0" />
      <line nr="466" mi="0" ci="1" mb="0" cb="0" />
      <line nr="467" mi="0" ci="1" mb="0" cb="0" />
      <line nr="468" mi="0" ci="1" mb="0" cb="0" />
      <line nr="469" mi="0" ci="1" mb="0" cb="0" />
      <line nr="470" mi="0" ci="1" mb="0" cb="0" />
      <line nr="513" mi="0" ci="1" mb="0" cb="0" />
      <line nr="515" mi="0" ci="1" mb="0" cb="0" />
      <line nr="516" mi="0" ci="1" mb="0" cb="0" />
      <line nr="517" mi="0" ci="1" mb="0" cb="0" />
      <line nr="518" mi="0" ci="1" mb="0" cb="0" />
      <line nr="519" mi="0" ci="1" mb="0" cb="0" />
      <line nr="520" mi="0" ci="2" mb="0" cb="0" />
      <line nr="521" mi="0" ci="2" mb="0" cb="0" />
      <line nr="522" mi="0" ci="1" mb="0" cb="0" />
      <line nr="524" mi="0" ci="1" mb="0" cb="0" />
      <line nr="525" mi="0" ci="1" mb="0" cb="0" />
      <line nr="528" mi="0" ci="1" mb="0" cb="0" />
      <line nr="529" mi="0" ci="1" mb="0" cb="0" />
      <line nr="530" mi="0" ci="2" mb="0" cb="0" />
      <line nr="531" mi="1" ci="0" mb="0" cb="0" />
      <line nr="533" mi="0" ci="1" mb="0" cb="0" />
      <line nr="537" mi="0" ci="1" mb="0" cb="0" />
      <line nr="573" mi="0" ci="1" mb="0" cb="0" />
      <line nr="575" mi="0" ci="1" mb="0" cb="0" />
      <line nr="576" mi="0" ci="1" mb="0" cb="0" />
      <line nr="578" mi="0" ci="5" mb="0" cb="0" />
      <line nr="581" mi="0" ci="1" mb="0" cb="0" />
      <line nr="582" mi="0" ci="3" mb="0" cb="0" />
      <line nr="583" mi="0" ci="1" mb="0" cb="0" />
      <line nr="584" mi="1" ci="1" mb="0" cb="0" />
      <line nr="586" mi="0" ci="1" mb="0" cb="0" />
      <line nr="587" mi="0" ci="1" mb="0" cb="0" />
      <line nr="588" mi="0" ci="1" mb="0" cb="0" />
      <line nr="589" mi="0" ci="1" mb="0" cb="0" />
      <line nr="593" mi="0" ci="1" mb="0" cb="0" />
      <line nr="594" mi="0" ci="1" mb="0" cb="0" />
      <line nr="595" mi="0" ci="1" mb="0" cb="0" />
      <line nr="596" mi="0" ci="1" mb="0" cb="0" />
      <line nr="597" mi="1" ci="2" mb="0" cb="0" />
      <line nr="598" mi="1" ci="2" mb="0" cb="0" />
      <line nr="599" mi="0" ci="2" mb="0" cb="0" />
      <line nr="600" mi="0" ci="1" mb="0" cb="0" />
      <line nr="601" mi="0" ci="1" mb="0" cb="0" />
      <line nr="655" mi="0" ci="1" mb="0" cb="0" />
      <line nr="656" mi="0" ci="1" mb="0" cb="0" />
      <line nr="657" mi="0" ci="1" mb="0" cb="0" />
      <line nr="658" mi="0" ci="1" mb="0" cb="0" />
      <line nr="659" mi="0" ci="1" mb="0" cb="0" />
      <line nr="660" mi="0" ci="1" mb="0" cb="0" />
      <line nr="662" mi="0" ci="1" mb="0" cb="0" />
      <line nr="663" mi="0" ci="1" mb="0" cb="0" />
      <line nr="664" mi="0" ci="1" mb="0" cb="0" />
      <line nr="668" mi="0" ci="1" mb="0" cb="0" />
      <line nr="670" mi="0" ci="1" mb="0" cb="0" />
      <line nr="671" mi="0" ci="1" mb="0" cb="0" />
      <line nr="672" mi="0" ci="1" mb="0" cb="0" />
      <line nr="675" mi="0" ci="1" mb="0" cb="0" />
      <line nr="680" mi="0" ci="2" mb="0" cb="0" />
      <line nr="684" mi="0" ci="1" mb="0" cb="0" />
      <line nr="685" mi="0" ci="6" mb="0" cb="0" />
      <line nr="687" mi="1" ci="1" mb="0" cb="0" />
      <line nr="689" mi="0" ci="3" mb="0" cb="0" />
      <line nr="690" mi="0" ci="1" mb="0" cb="0" />
      <line nr="691" mi="0" ci="1" mb="0" cb="0" />
      <line nr="692" mi="0" ci="1" mb="0" cb="0" />
      <line nr="693" mi="0" ci="1" mb="0" cb="0" />
      <line nr="694" mi="0" ci="1" mb="0" cb="0" />
      <line nr="695" mi="0" ci="3" mb="0" cb="0" />
      <line nr="697" mi="0" ci="1" mb="0" cb="0" />
      <line nr="698" mi="0" ci="5" mb="0" cb="0" />
      <line nr="700" mi="0" ci="1" mb="0" cb="0" />
      <line nr="701" mi="0" ci="4" mb="0" cb="0" />
      <line nr="706" mi="0" ci="1" mb="0" cb="0" />
      <line nr="707" mi="0" ci="1" mb="0" cb="0" />
      <line nr="709" mi="0" ci="1" mb="0" cb="0" />
      <line nr="710" mi="0" ci="3" mb="0" cb="0" />
      <line nr="711" mi="0" ci="1" mb="0" cb="0" />
      <line nr="712" mi="3" ci="0" mb="0" cb="0" />
      <line nr="713" mi="1" ci="0" mb="0" cb="0" />
      <line nr="716" mi="0" ci="2" mb="0" cb="0" />
      <line nr="720" mi="0" ci="1" mb="0" cb="0" />
      <line nr="721" mi="0" ci="3" mb="0" cb="0" />
      <line nr="722" mi="0" ci="1" mb="0" cb="0" />
      <line nr="725" mi="0" ci="1" mb="0" cb="0" />
      <line nr="726" mi="0" ci="1" mb="0" cb="0" />
      <line nr="732" mi="0" ci="1" mb="0" cb="0" />
      <line nr="733" mi="0" ci="1" mb="0" cb="0" />
      <line nr="734" mi="0" ci="1" mb="0" cb="0" />
      <line nr="735" mi="0" ci="1" mb="0" cb="0" />
      <line nr="736" mi="0" ci="1" mb="0" cb="0" />
      <line nr="738" mi="0" ci="2" mb="0" cb="0" />
      <line nr="739" mi="0" ci="2" mb="0" cb="0" />
      <line nr="740" mi="0" ci="2" mb="0" cb="0" />
      <line nr="743" mi="0" ci="1" mb="0" cb="0" />
      <line nr="745" mi="0" ci="2" mb="0" cb="0" />
      <line nr="747" mi="0" ci="1" mb="0" cb="0" />
      <line nr="749" mi="0" ci="5" mb="0" cb="0" />
      <line nr="752" mi="0" ci="1" mb="0" cb="0" />
      <line nr="753" mi="0" ci="1" mb="0" cb="0" />
      <line nr="754" mi="0" ci="1" mb="0" cb="0" />
      <line nr="755" mi="0" ci="1" mb="0" cb="0" />
      <line nr="756" mi="0" ci="1" mb="0" cb="0" />
      <line nr="757" mi="0" ci="3" mb="0" cb="0" />
      <line nr="759" mi="0" ci="1" mb="0" cb="0" />
      <line nr="760" mi="0" ci="1" mb="0" cb="0" />
      <line nr="761" mi="0" ci="4" mb="0" cb="0" />
      <line nr="763" mi="0" ci="3" mb="0" cb="0" />
      <line nr="770" mi="0" ci="1" mb="0" cb="0" />
      <line nr="771" mi="0" ci="3" mb="0" cb="0" />
      <line nr="775" mi="0" ci="6" mb="0" cb="0" />
      <line nr="776" mi="0" ci="2" mb="0" cb="0" />
      <line nr="777" mi="0" ci="5" mb="0" cb="0" />
      <line nr="778" mi="0" ci="2" mb="0" cb="0" />
      <line nr="780" mi="0" ci="1" mb="0" cb="0" />
      <line nr="781" mi="0" ci="1" mb="0" cb="0" />
      <line nr="782" mi="0" ci="1" mb="0" cb="0" />
      <line nr="783" mi="0" ci="1" mb="0" cb="0" />
      <line nr="784" mi="0" ci="1" mb="0" cb="0" />
      <line nr="785" mi="0" ci="1" mb="0" cb="0" />
      <line nr="786" mi="0" ci="1" mb="0" cb="0" />
      <line nr="787" mi="0" ci="1" mb="0" cb="0" />
      <line nr="833" mi="0" ci="1" mb="0" cb="0" />
      <line nr="834" mi="0" ci="1" mb="0" cb="0" />
      <line nr="836" mi="0" ci="1" mb="0" cb="0" />
      <line nr="839" mi="0" ci="1" mb="0" cb="0" />
      <line nr="841" mi="0" ci="1" mb="0" cb="0" />
      <line nr="843" mi="0" ci="1" mb="0" cb="0" />
      <line nr="845" mi="0" ci="2" mb="0" cb="0" />
      <line nr="849" mi="0" ci="1" mb="0" cb="0" />
      <line nr="895" mi="0" ci="1" mb="0" cb="0" />
      <line nr="896" mi="0" ci="1" mb="0" cb="0" />
      <line nr="898" mi="0" ci="1" mb="0" cb="0" />
      <line nr="899" mi="0" ci="1" mb="0" cb="0" />
      <line nr="900" mi="1" ci="1" mb="0" cb="0" />
      <line nr="901" mi="0" ci="1" mb="0" cb="0" />
      <line nr="902" mi="0" ci="1" mb="0" cb="0" />
      <line nr="905" mi="1" ci="1" mb="0" cb="0" />
      <line nr="907" mi="0" ci="1" mb="0" cb="0" />
      <line nr="908" mi="0" ci="1" mb="0" cb="0" />
      <line nr="909" mi="0" ci="2" mb="0" cb="0" />
      <line nr="910" mi="0" ci="1" mb="0" cb="0" />
      <line nr="911" mi="0" ci="1" mb="0" cb="0" />
      <line nr="913" mi="0" ci="1" mb="0" cb="0" />
      <line nr="914" mi="1" ci="0" mb="0" cb="0" />
      <line nr="915" mi="1" ci="0" mb="0" cb="0" />
      <line nr="918" mi="0" ci="2" mb="0" cb="0" />
      <line nr="919" mi="0" ci="3" mb="0" cb="0" />
      <line nr="921" mi="0" ci="2" mb="0" cb="0" />
      <line nr="922" mi="1" ci="1" mb="0" cb="0" />
      <line nr="923" mi="0" ci="1" mb="0" cb="0" />
      <line nr="961" mi="0" ci="1" mb="0" cb="0" />
      <line nr="962" mi="0" ci="2" mb="0" cb="0" />
      <line nr="964" mi="0" ci="1" mb="0" cb="0" />
      <line nr="965" mi="0" ci="2" mb="0" cb="0" />
      <line nr="966" mi="0" ci="1" mb="0" cb="0" />
      <line nr="967" mi="0" ci="1" mb="0" cb="0" />
      <line nr="968" mi="0" ci="1" mb="0" cb="0" />
      <line nr="969" mi="0" ci="1" mb="0" cb="0" />
      <line nr="970" mi="0" ci="1" mb="0" cb="0" />
      <line nr="971" mi="0" ci="1" mb="0" cb="0" />
      <line nr="972" mi="0" ci="1" mb="0" cb="0" />
      <line nr="1030" mi="0" ci="1" mb="0" cb="0" />
      <line nr="1031" mi="0" ci="1" mb="0" cb="0" />
      <line nr="1032" mi="0" ci="1" mb="0" cb="0" />
      <line nr="1033" mi="0" ci="1" mb="0" cb="0" />
      <line nr="1034" mi="0" ci="1" mb="0" cb="0" />
      <line nr="1036" mi="0" ci="1" mb="0" cb="0" />
      <line nr="1038" mi="0" ci="1" mb="0" cb="0" />
      <line nr="1039" mi="0" ci="1" mb="0" cb="0" />
      <line nr="1040" mi="0" ci="1" mb="0" cb="0" />
      <line nr="1041" mi="0" ci="1" mb="0" cb="0" />
      <line nr="1043" mi="0" ci="1" mb="0" cb="0" />
      <line nr="1045" mi="0" ci="1" mb="0" cb="0" />
      <line nr="1046" mi="0" ci="1" mb="0" cb="0" />
      <line nr="1049" mi="0" ci="1" mb="0" cb="0" />
      <line nr="1050" mi="0" ci="1" mb="0" cb="0" />
      <line nr="1053" mi="0" ci="2" mb="0" cb="0" />
      <line nr="1054" mi="0" ci="1" mb="0" cb="0" />
      <line nr="1055" mi="0" ci="1" mb="0" cb="0" />
      <line nr="1057" mi="0" ci="1" mb="0" cb="0" />
      <line nr="1061" mi="0" ci="1" mb="0" cb="0" />
      <line nr="1062" mi="0" ci="1" mb="0" cb="0" />
      <line nr="1063" mi="0" ci="1" mb="0" cb="0" />
      <line nr="1067" mi="0" ci="1" mb="0" cb="0" />
      <line nr="1068" mi="0" ci="1" mb="0" cb="0" />
      <line nr="1069" mi="0" ci="1" mb="0" cb="0" />
      <line nr="1071" mi="1" ci="0" mb="0" cb="0" />
      <line nr="1072" mi="1" ci="0" mb="0" cb="0" />
      <line nr="1074" mi="0" ci="1" mb="0" cb="0" />
      <line nr="1078" mi="0" ci="1" mb="0" cb="0" />
      <line nr="1079" mi="0" ci="1" mb="0" cb="0" />
      <line nr="1086" mi="0" ci="1" mb="0" cb="0" />
      <line nr="1087" mi="2" ci="1" mb="0" cb="0" />
      <line nr="1088" mi="0" ci="3" mb="0" cb="0" />
      <line nr="1089" mi="0" ci="1" mb="0" cb="0" />
      <line nr="1090" mi="0" ci="1" mb="0" cb="0" />
      <line nr="1091" mi="0" ci="1" mb="0" cb="0" />
      <line nr="1092" mi="0" ci="2" mb="0" cb="0" />
      <line nr="1094" mi="0" ci="1" mb="0" cb="0" />
      <line nr="1097" mi="0" ci="1" mb="0" cb="0" />
      <line nr="1098" mi="0" ci="1" mb="0" cb="0" />
      <line nr="1099" mi="0" ci="1" mb="0" cb="0" />
      <line nr="1100" mi="0" ci="1" mb="0" cb="0" />
      <line nr="1101" mi="0" ci="1" mb="0" cb="0" />
      <line nr="1102" mi="0" ci="1" mb="0" cb="0" />
      <line nr="1103" mi="0" ci="1" mb="0" cb="0" />
      <line nr="1104" mi="0" ci="1" mb="0" cb="0" />
      <line nr="1105" mi="0" ci="1" mb="0" cb="0" />
      <line nr="1106" mi="0" ci="1" mb="0" cb="0" />
      <line nr="1107" mi="0" ci="1" mb="0" cb="0" />
      <line nr="1113" mi="0" ci="1" mb="0" cb="0" />
      <counter type="INSTRUCTION" missed="35" covered="575" />
      <counter type="LINE" missed="10" covered="377" />
      <counter type="METHOD" missed="0" covered="17" />
      <counter type="CLASS" missed="0" covered="1" />
    </sourcefile>
    <counter type="INSTRUCTION" missed="35" covered="575" />
    <counter type="LINE" missed="10" covered="377" />
    <counter type="METHOD" missed="0" covered="17" />
    <counter type="CLASS" missed="0" covered="1" />
  </package>
  <counter type="INSTRUCTION" missed="35" covered="575" />
  <counter type="LINE" missed="10" covered="377" />
  <counter type="METHOD" missed="0" covered="17" />
  <counter type="CLASS" missed="0" covered="1" />
</report>